\BOOKMARK [0][-]{titlepage.0}{\376\377\134\001\227\142}{}% 1
\BOOKMARK [0][-]{cabstract.0}{\376\377\144\130\211\201}{}% 2
\BOOKMARK [0][-]{eabstract.0}{\376\377\000A\000B\000S\000T\000R\000A\000C\000T}{}% 3
\BOOKMARK [0][-]{contents.0}{\376\377\166\356\137\125}{}% 4
\BOOKMARK [0][-]{chapter*.5}{\376\377\136\217\212\000}{}% 5
\BOOKMARK [0][-]{chapter.1}{\376\377\172\340\202\202}{}% 6
\BOOKMARK [0][-]{chapter.2}{\376\377\172\340\202\202}{}% 7
\BOOKMARK [0][-]{chapter.3}{\376\377\172\340\202\202}{}% 8
\BOOKMARK [0][-]{chapter.4}{\376\377\127\372\116\216\123\072\127\127\224\376\166\204\124\175\124\015\133\236\117\123\222\164\147\103\145\271\150\110\213\276\213\241\116\016\133\236\163\260}{}% 9
\BOOKMARK [1][-]{section.4.1}{\376\377\174\373\176\337\213\276\213\241}{chapter.4}% 10
\BOOKMARK [2][-]{subsection.4.1.1}{\376\377\174\373\176\337\211\322\202\162}{section.4.1}% 11
\BOOKMARK [2][-]{subsection.4.1.2}{\376\377\174\373\176\337\147\266\147\204}{section.4.1}% 12
\BOOKMARK [1][-]{section.4.2}{\376\377\216\253\116\375\176\321\133\232\145\271\150\110}{chapter.4}% 13
\BOOKMARK [2][-]{subsection.4.2.1}{\376\377\127\372\116\216\232\214\213\301\145\366\225\364\166\204\216\253\116\375\176\321\133\232\145\271\150\110}{section.4.2}% 14
\BOOKMARK [2][-]{subsection.4.2.2}{\376\377\127\372\116\216\232\214\213\301\153\041\145\160\166\204\216\253\116\375\176\321\133\232\145\271\150\110}{section.4.2}% 15
\BOOKMARK [2][-]{subsection.4.2.3}{\376\377\131\126\122\261\140\351\177\132\147\072\122\066}{section.4.2}% 16
\BOOKMARK [2][-]{subsection.4.2.4}{\376\377\133\211\121\150\140\047\122\006\147\220}{section.4.2}% 17
\BOOKMARK [1][-]{section.4.3}{\376\377\152\041\127\127\133\236\163\260}{chapter.4}% 18
\BOOKMARK [2][-]{subsection.4.3.1}{\376\377\146\172\200\375\124\010\176\246}{section.4.3}% 19
\BOOKMARK [2][-]{subsection.4.3.2}{\376\377\127\337\124\015\133\242\142\067\172\357}{section.4.3}% 20
\BOOKMARK [2][-]{subsection.4.3.3}{\376\377\232\214\213\301\202\202\160\271\133\242\142\067\172\357}{section.4.3}% 21
\BOOKMARK [2][-]{subsection.4.3.4}{\376\377\156\070\211\310\126\150\232\214\213\301\143\322\116\366}{section.4.3}% 22
\BOOKMARK [0][-]{chapter.5}{\376\377\172\340\202\202}{}% 23
\BOOKMARK [0][-]{chapter*.8}{\376\377\176\323\213\272}{}% 24
\BOOKMARK [0][-]{appendix*.10}{\376\377\123\302\200\003\145\207\163\056}{}% 25
\BOOKMARK [0][-]{appendix.A}{\376\377\226\104\116\366}{}% 26
\BOOKMARK [0][-]{appendix*.11}{\376\377\201\364\214\042}{}% 27
\BOOKMARK [0][-]{appendix*.12}{\376\377\123\027\116\254\131\047\133\146\133\146\117\115\213\272\145\207\123\237\122\033\140\047\130\360\146\016\124\214\117\177\165\050\143\210\147\103\213\364\146\016}{}% 28
